<?xml version="1.0" encoding="UTF-8"?>
<!-- Generated by org.testng.reporters.JUnitXMLReporter -->
<testsuite ignored="2" hostname="Ruchika" failures="0" tests="1" name="Default test" time="2.155" errors="0" timestamp="2025-07-13T22:39:39 IST">
  <testcase classname="test.PutandPatch" name="deleteExam" time="2.115"/>
  <testcase classname="test.PutandPatch" name="Patchxam" time="0.0">
    <ignored/>
  </testcase> <!-- Patchxam -->
  <testcase classname="test.PutandPatch" name="PutExam" time="0.0">
    <ignored/>
  </testcase> <!-- PutExam -->
</testsuite> <!-- Default test -->
