<?xml version="1.0" encoding="UTF-8"?>
<testng-results ignored="2" total="3" passed="1" failed="0" skipped="0">
  <reporter-output>
  </reporter-output>
  <suite started-at="2025-07-13T22:39:37 IST" name="Default suite" finished-at="2025-07-13T22:39:39 IST" duration-ms="2155">
    <groups>
    </groups>
    <test started-at="2025-07-13T22:39:37 IST" name="Default test" finished-at="2025-07-13T22:39:39 IST" duration-ms="2155">
      <class name="test.PutandPatch">
        <test-method signature="deleteExam()[pri:0, instance:test.PutandPatch@c8c12ac]" started-at="2025-07-13T22:39:37 IST" name="deleteExam" finished-at="2025-07-13T22:39:39 IST" duration-ms="2115" status="PASS">
          <reporter-output>
          </reporter-output>
        </test-method> <!-- deleteExam -->
      </class> <!-- test.PutandPatch -->
    </test> <!-- Default test -->
  </suite> <!-- Default suite -->
</testng-results>
